Vuser Script started at : 2025-07-03 11:23:07
TruClient Replay (build 0174) for LoadRunner Professional 2025.1.0, build 0247. OS: Windows 10, Browser: Edge 138.0.3351.65, Path: C:\Program Files (x86)\Microsoft\Edge\Application\msedge.exe, initialized on 2025/07/03 at 11:23:07 (1751534587,259s)

Selected Run-Time Settings:
    Simulate a new user on each iteration...............: 1
    Using system proxy settings
    Run-Time Settings file..............................: "C:\Vugen\QM_HotelQG_Inserimento\\default.cfg"
    Vuser directory.....................................: "C:\Vugen\QM_HotelQG_Inserimento"
    Vuser output directory..............................: "C:\Vugen\QM_HotelQG_Inserimento"
End of selected Run-Time Settings

t=00000087ms: Action Init started.	[MsgId: MMSG-226981]
t=00000089ms: Action Init ended.	[MsgId: MMSG-226981]
Running Vuser...
Starting iteration 1.
t=00000096ms: Action Login started.	[MsgId: MMSG-226981]
t=00000099ms: Step 1: Navigate to https://aladyn2.torino.q...enge_method=S256 started.	[MsgId: MMSG-226981]
t=00000799ms: Step 1: Navigate to https://aladyn2.torino.q...enge_method=S256 successfully completed with End Event "Document Loaded".	[MsgId: MMSG-226981]
t=00001613ms: Step 2: Entra started.	[MsgId: MMSG-226981]
t=00001614ms: Step 2.1: Click on Login TextBox started.	[MsgId: MMSG-226981]
t=00002407ms: Step 2.1: Click on Login TextBox successfully completed with End Event "Action Completed".	[MsgId: MMSG-226981]
t=00003215ms: Step 2.2: Type partec.latitud in Login TextBox started.	[MsgId: MMSG-226981]
t=00008866ms: Step 2.2: Type partec.latitud in Login TextBox successfully completed with End Event "Action Completed".	[MsgId: MMSG-226981]
t=00009669ms: Step 2.3: Type ****** in Password PasswordBox started.	[MsgId: MMSG-226981]
t=00013177ms: Step 2.3: Type ****** in Password PasswordBox successfully completed with End Event "Action Completed".	[MsgId: MMSG-226981]
t=00013987ms: Step 2.4: Click on Entra Button started.	[MsgId: MMSG-226981]
t=00015275ms: Step 2.4: Click on Entra Button successfully completed with End Event "Document Loaded".	[MsgId: MMSG-226981]
t=00016089ms: Step 2: Entra successfully completed with End Event "Action Completed".	[MsgId: MMSG-226981]
t=00016092ms: Step 4: Wait until Latitud Patagonia Image exists started.	[MsgId: MMSG-226981]
t=00016494ms: Step 4: Wait until Latitud Patagonia Image exists successfully completed with End Event "Action Completed".	[MsgId: MMSG-226981]
t=00016495ms: Step 6: Click on Button(5) Button started.	[MsgId: MMSG-226981]
t=00016880ms: Step 6: Click on Button(5) Button successfully completed with End Event "Action Completed".	[MsgId: MMSG-226981]
Action was aborted.
Ending Vuser...
t=00017334ms: Action Login ended.	[MsgId: MMSG-226981]
Vuser terminated.
Vuser 0 (thread 22728), ended OK."
