Vuser Script started at : 2025-07-03 16:09:05
TruClient Replay (build 0174) for LoadRunner Professional 2025.1.0, build 0247. OS: Windows 10, Browser: Edge 138.0.3351.65, Path: C:\Program Files (x86)\Microsoft\Edge\Application\msedge.exe, initialized on 2025/07/03 at 16:09:05 (1751551745,446s)

Selected Run-Time Settings:
    Simulate a new user on each iteration...............: 1
    Using system proxy settings
    Run-Time Settings file..............................: "C:\Vugen\QM_Servizi_Inserimento\\default.cfg"
    Vuser directory.....................................: "C:\Vugen\QM_Servizi_Inserimento"
    Vuser output directory..............................: "C:\Vugen\QM_Servizi_Inserimento"
End of selected Run-Time Settings

t=00000078ms: Action Init started.	[MsgId: MMSG-226981]
t=00000078ms: Action Init ended.	[MsgId: MMSG-226981]
Running Vuser...
Starting iteration 1.
t=00000083ms: Action Login started.	[MsgId: MMSG-226981]
t=00000083ms: Action Login ended.	[MsgId: MMSG-226981]
t=00000084ms: Action AggiungiServizio started.	[MsgId: MMSG-226981]
t=00000085ms: Action AggiungiServizio ended.	[MsgId: MMSG-226981]
t=00000086ms: Action Anagrafica started.	[MsgId: MMSG-226981]
t=00000087ms: Action Anagrafica ended.	[MsgId: MMSG-226981]
t=00000087ms: Action DatiTecnici started.	[MsgId: MMSG-226981]
t=00000089ms: Step 3: Click on Dati tecnici Link started.	[MsgId: MMSG-226981]
t=00000904ms: Step 3: Click on Dati tecnici Link successfully completed with End Event "Step Network Completed".	[MsgId: MMSG-226981]
t=00001708ms: Step 5: Click on Button(Minimo passeggeri +) Button started.	[MsgId: MMSG-226981]
t=00002146ms: Step 5: Click on Button(Minimo passeggeri +) Button successfully completed with End Event "Action Completed".	[MsgId: MMSG-226981]
t=00002955ms: Step 6: Click on Button(Minimo passeggeri +) Button started.	[MsgId: MMSG-226981]
t=00003367ms: Step 6: Click on Button(Minimo passeggeri +) Button successfully completed with End Event "Action Completed".	[MsgId: MMSG-226981]
t=00004171ms: Step 8: Click on Button(Massimo passeggeri +) Button started.	[MsgId: MMSG-226981]
t=00004633ms: Step 8: Click on Button(Massimo passeggeri +) Button successfully completed with End Event "Action Completed".	[MsgId: MMSG-226981]
t=00005449ms: Step 9: Click on Button(Massimo passeggeri +) Button started.	[MsgId: MMSG-226981]
t=00005928ms: Step 9: Click on Button(Massimo passeggeri +) Button successfully completed with End Event "Action Completed".	[MsgId: MMSG-226981]
t=00006733ms: Step 10: Double click on Button(Massimo passeggeri +) Button started.	[MsgId: MMSG-226981]
t=00007182ms: Step 10: Double click on Button(Massimo passeggeri +) Button successfully completed with End Event "Action Completed".	[MsgId: MMSG-226981]
t=00007993ms: Step 14: Click on Label(Abilita Infant) Label started.	[MsgId: MMSG-226981]
t=00008470ms: Step 14: Click on Label(Abilita Infant) Label successfully completed with End Event "Action Completed".	[MsgId: MMSG-226981]
t=00009285ms: Step 15: Click on Età minima TextBox started.	[MsgId: MMSG-226981]
t=00009745ms: Step 15: Click on Età minima TextBox successfully completed with End Event "Action Completed".	[MsgId: MMSG-226981]
t=00010557ms: Step 16: Type 0 in Età minima TextBox started.	[MsgId: MMSG-226981]
t=00011442ms: Step 16: Type 0 in Età minima TextBox successfully completed with End Event "Action Completed".	[MsgId: MMSG-226981]
t=00012259ms: Step 17: Click on Età massima TextBox started.	[MsgId: MMSG-226981]
t=00012747ms: Step 17: Click on Età massima TextBox successfully completed with End Event "Action Completed".	[MsgId: MMSG-226981]
t=00013558ms: Step 18: Type 4 in Età massima TextBox started.	[MsgId: MMSG-226981]
t=00014406ms: Step 18: Type 4 in Età massima TextBox successfully completed with End Event "Action Completed".	[MsgId: MMSG-226981]
t=00015209ms: Step 20: Click on Label(Abilita Child) Label started.	[MsgId: MMSG-226981]
t=00015698ms: Step 20: Click on Label(Abilita Child) Label successfully completed with End Event "Action Completed".	[MsgId: MMSG-226981]
t=00016512ms: Step 21: Click on Età minima TextBox started.	[MsgId: MMSG-226981]
t=00016985ms: Step 21: Click on Età minima TextBox successfully completed with End Event "Action Completed".	[MsgId: MMSG-226981]
t=00017797ms: Step 22: Type 5 in Età minima TextBox started.	[MsgId: MMSG-226981]
t=00018694ms: Step 22: Type 5 in Età minima TextBox successfully completed with End Event "Action Completed".	[MsgId: MMSG-226981]
t=00019504ms: Step 23: Click on Età massima TextBox started.	[MsgId: MMSG-226981]
t=00019987ms: Step 23: Click on Età massima TextBox successfully completed with End Event "Action Completed".	[MsgId: MMSG-226981]
t=00020792ms: Step 24: Type 10 in Età massima TextBox started.	[MsgId: MMSG-226981]
t=00022046ms: Step 24: Type 10 in Età massima TextBox successfully completed with End Event "Action Completed".	[MsgId: MMSG-226981]
t=00022848ms: Step 26: Click on Label(Abilita Teen) Label started.	[MsgId: MMSG-226981]
t=00023337ms: Step 26: Click on Label(Abilita Teen) Label successfully completed with End Event "Action Completed".	[MsgId: MMSG-226981]
t=00024147ms: Step 27: Click on Età minima TextBox started.	[MsgId: MMSG-226981]
t=00024615ms: Step 27: Click on Età minima TextBox successfully completed with End Event "Action Completed".	[MsgId: MMSG-226981]
t=00025420ms: Step 28: Type 11 in Età minima TextBox started.	[MsgId: MMSG-226981]
t=00026666ms: Step 28: Type 11 in Età minima TextBox successfully completed with End Event "Action Completed".	[MsgId: MMSG-226981]
t=00027481ms: Step 29: Click on Età massima TextBox started.	[MsgId: MMSG-226981]
t=00028063ms: Step 29: Click on Età massima TextBox successfully completed with End Event "Action Completed".	[MsgId: MMSG-226981]
t=00028883ms: Step 30: Type 16 in Età massima TextBox started.	[MsgId: MMSG-226981]
t=00030132ms: Step 30: Type 16 in Età massima TextBox successfully completed with End Event "Action Completed".	[MsgId: MMSG-226981]
t=00030939ms: Step 32: Click on Button(+ Italiano) Button started.	[MsgId: MMSG-226981]
t=00031433ms: Step 32: Click on Button(+ Italiano) Button successfully completed with End Event "Action Completed".	[MsgId: MMSG-226981]
t=00032249ms: Step 34: Click on Conferma modifiche Button started.	[MsgId: MMSG-226981]
t=00033043ms: Step 34: Click on Conferma modifiche Button successfully completed with End Event "Step Network Completed".	[MsgId: MMSG-226981]
t=00033849ms: Step 36: Click on Aggiungi nuovo dato Button started.	[MsgId: MMSG-226981]
t=00034377ms: Step 36: Click on Aggiungi nuovo dato Button successfully completed with End Event "Action Completed".	[MsgId: MMSG-226981]
t=00035193ms: Step 38: Click on Demo Simple Select Focusable started.	[MsgId: MMSG-226981]
t=00035671ms: Step 38: Click on Demo Simple Select Focusable successfully completed with End Event "Action Completed".	[MsgId: MMSG-226981]
t=00036483ms: Step 40: Click on Trasporto ListItem started.	[MsgId: MMSG-226981]
t=00036980ms: Step 40: Click on Trasporto ListItem successfully completed with End Event "Action Completed".	[MsgId: MMSG-226981]
t=00037784ms: Step 42: Click on Traduci nelle altre lingu... TextBox started.	[MsgId: MMSG-226981]
t=00038313ms: Step 42: Click on Traduci nelle altre lingu... TextBox successfully completed with End Event "Action Completed".	[MsgId: MMSG-226981]
t=00039116ms: Step 43: Type prova in Traduci nelle altre lingu... TextBox started.	[MsgId: MMSG-226981]
t=00041458ms: Step 43: Type prova in Traduci nelle altre lingu... TextBox successfully completed with End Event "Action Completed".	[MsgId: MMSG-226981]
t=00042263ms: Step 45: Click on Conferma Button started.	[MsgId: MMSG-226981]
t=00043022ms: Step 45: Click on Conferma Button successfully completed with End Event "Step Network Completed".	[MsgId: MMSG-226981]
t=00043831ms: Action DatiTecnici ended.	[MsgId: MMSG-226981]
t=00043832ms: Action Descrizione started.	[MsgId: MMSG-226981]
t=00043833ms: Step 1: Click on Descrizione Link started.	[MsgId: MMSG-226981]
t=00046275ms: Step 1: Click on Descrizione Link successfully completed with End Event "Step Network Completed".	[MsgId: MMSG-226981]
t=00047080ms: Step 17: Click on Scheda tecnicaAnagraficaDati... TextBox started.	[MsgId: MMSG-226981]
t=00047639ms: Step 17: Click on Scheda tecnicaAnagraficaDati... TextBox successfully completed with End Event "Action Completed".	[MsgId: MMSG-226981]
t=00048453ms: Step 18: Type prova in Scheda tecnicaAnagraficaDati... TextBox started.	[MsgId: MMSG-226981]
t=00050879ms: Step 18: Type prova in Scheda tecnicaAnagraficaDati... TextBox successfully completed with End Event "Action Completed".	[MsgId: MMSG-226981]
t=00051682ms: Step 20: Click on Traduci nelle altre lingu... Button started.	[MsgId: MMSG-226981]
t=00052154ms: Step 20: Click on Traduci nelle altre lingu... Button successfully completed with End Event "Action Completed".	[MsgId: MMSG-226981]
t=00052964ms: Step 21: GroupStep.Mouseover started.	[MsgId: MMSG-226981]
t=00052965ms: Step 21.1: Move mouse over Focusable(11) Focusable started.	[MsgId: MMSG-226981]
t=00054256ms: Step 21.1: Move mouse over Focusable(11) Focusable successfully completed with End Event "Action Completed".	[MsgId: MMSG-226981]
t=00055066ms: Step 21: GroupStep.Mouseover successfully completed with End Event "Action Completed".	[MsgId: MMSG-226981]
t=00055067ms: Step 22: Click on Ok Button started.	[MsgId: MMSG-226981]
t=00056126ms: Step 22: Click on Ok Button successfully completed with End Event "Step Network Completed".	[MsgId: MMSG-226981]
t=00056938ms: Step 24: Click on Inglese Button started.	[MsgId: MMSG-226981]
t=00057425ms: Step 24: Click on Inglese Button successfully completed with End Event "Action Completed".	[MsgId: MMSG-226981]
t=00058242ms: Step 26: Verify if evidence TextBox's VisibleText Contain evidence started.	[MsgId: MMSG-226981]
t=00058740ms: Step 26: Verify if evidence TextBox's VisibleText Contain evidence successfully completed with End Event "Action Completed".	[MsgId: MMSG-226981]
t=00059542ms: Step 28: Click on Scheda tecnicaAnagraficaDati... TextBox started.	[MsgId: MMSG-226981]
t=00062254ms: Step 28: Click on Scheda tecnicaAnagraficaDati... TextBox successfully completed with End Event "Step Network Completed".	[MsgId: MMSG-226981]
t=00063075ms: Step 29: Type prova in Scheda tecnicaAnagraficaDati... TextBox started.	[MsgId: MMSG-226981]
t=00065616ms: Step 29: Type prova in Scheda tecnicaAnagraficaDati... TextBox successfully completed with End Event "Action Completed".	[MsgId: MMSG-226981]
t=00066419ms: Step 31: Click on Traduci nelle altre lingu... Button started.	[MsgId: MMSG-226981]
t=00066905ms: Step 31: Click on Traduci nelle altre lingu... Button successfully completed with End Event "Action Completed".	[MsgId: MMSG-226981]
t=00067711ms: Step 32: GroupStep.Mouseover started.	[MsgId: MMSG-226981]
t=00067712ms: Step 32.1: Move mouse over Focusable(12) Focusable started.	[MsgId: MMSG-226981]
t=00069060ms: Step 32.1: Move mouse over Focusable(12) Focusable successfully completed with End Event "Action Completed".	[MsgId: MMSG-226981]
t=00069876ms: Step 32: GroupStep.Mouseover successfully completed with End Event "Action Completed".	[MsgId: MMSG-226981]
t=00069876ms: Step 33: Click on Ok Button started.	[MsgId: MMSG-226981]
t=00070878ms: Step 33: Click on Ok Button successfully completed with End Event "Step Network Completed".	[MsgId: MMSG-226981]
t=00071687ms: Step 35: Click on Francese Button started.	[MsgId: MMSG-226981]
t=00072119ms: Step 35: Click on Francese Button successfully completed with End Event "Action Completed".	[MsgId: MMSG-226981]
t=00072928ms: Step 36: Verify if preuve TextBox's VisibleText Contain preuve started.	[MsgId: MMSG-226981]
t=00073343ms: Step 36: Verify if preuve TextBox's VisibleText Contain preuve successfully completed with End Event "Action Completed".	[MsgId: MMSG-226981]
t=00074160ms: Step 37: Click on Scheda tecnicaAnagraficaDati... TextBox started.	[MsgId: MMSG-226981]
t=00074703ms: Step 37: Click on Scheda tecnicaAnagraficaDati... TextBox successfully completed with End Event "Action Completed".	[MsgId: MMSG-226981]
t=00075515ms: Step 38: Type prova in Scheda tecnicaAnagraficaDati... TextBox started.	[MsgId: MMSG-226981]
t=00077909ms: Step 38: Type prova in Scheda tecnicaAnagraficaDati... TextBox successfully completed with End Event "Action Completed".	[MsgId: MMSG-226981]
t=00078711ms: Step 40: Click on Scheda tecnicaAnagraficaDati... TextBox started.	[MsgId: MMSG-226981]
t=00079313ms: Step 40: Click on Scheda tecnicaAnagraficaDati... TextBox successfully completed with End Event "Action Completed".	[MsgId: MMSG-226981]
t=00080118ms: Step 41: Type prova in Scheda tecnicaAnagraficaDati... TextBox started.	[MsgId: MMSG-226981]
t=00082506ms: Step 41: Type prova in Scheda tecnicaAnagraficaDati... TextBox successfully completed with End Event "Action Completed".	[MsgId: MMSG-226981]
t=00083310ms: Step 43: Click on Button(88) Button started.	[MsgId: MMSG-226981]
t=00083755ms: Step 43: Click on Button(88) Button successfully completed with End Event "Action Completed".	[MsgId: MMSG-226981]
t=00084563ms: Step 45: Click on Conferma modifiche Button started.	[MsgId: MMSG-226981]
t=00085400ms: Step 45: Click on Conferma modifiche Button successfully completed with End Event "Step Network Completed".	[MsgId: MMSG-226981]
t=00086208ms: Action Descrizione ended.	[MsgId: MMSG-226981]
t=00086209ms: Action Media started.	[MsgId: MMSG-226981]
t=00086210ms: Step 2: Click on Media Link started.	[MsgId: MMSG-226981]
t=00086914ms: Step 2: Click on Media Link successfully completed with End Event "Step Network Completed".	[MsgId: MMSG-226981]
t=00087730ms: Step 4: Verify if Inserisci Documento Button's VisibleText Contain Inserisci Documento started.	[MsgId: MMSG-226981]
t=00088146ms: Step 4: Verify if Inserisci Documento Button's VisibleText Contain Inserisci Documento successfully completed with End Event "Action Completed".	[MsgId: MMSG-226981]
t=00088971ms: Step 5: Verify if Inserisci Pagina Web Button's VisibleText Contain Inserisci Pagina Web started.	[MsgId: MMSG-226981]
t=00089383ms: Step 5: Verify if Inserisci Pagina Web Button's VisibleText Contain Inserisci Pagina Web successfully completed with End Event "Action Completed".	[MsgId: MMSG-226981]
t=00090186ms: Step 6: Verify if Inserisci Link a Video Button's VisibleText Contain Inserisci Link a Video started.	[MsgId: MMSG-226981]
t=00090585ms: Step 6: Verify if Inserisci Link a Video Button's VisibleText Contain Inserisci Link a Video successfully completed with End Event "Action Completed".	[MsgId: MMSG-226981]
t=00091390ms: Action Media ended.	[MsgId: MMSG-226981]
t=00091391ms: Action Costi started.	[MsgId: MMSG-226981]
t=00091392ms: Step 2: Click on Costi Link started.	[MsgId: MMSG-226981]
t=00092132ms: Step 2: Click on Costi Link successfully completed with End Event "Step Network Completed".	[MsgId: MMSG-226981]
t=00092946ms: Step 39: Click on Aggiungi costi Link started.	[MsgId: MMSG-226981]
t=00093684ms: Step 39: Click on Aggiungi costi Link successfully completed with End Event "Step Network Completed".	[MsgId: MMSG-226981]
t=00094499ms: Step 41: Click on Nome * TextBox started.	[MsgId: MMSG-226981]
t=00094940ms: Step 41: Click on Nome * TextBox successfully completed with End Event "Action Completed".	[MsgId: MMSG-226981]
t=00095758ms: Step 42: Type Partec_Inserime in Nome * TextBox started.	[MsgId: MMSG-226981]
t=00101667ms: Step 42: Type Partec_Inserime in Nome * TextBox successfully completed with End Event "Action Completed".	[MsgId: MMSG-226981]
t=00102482ms: Step 44: Click on Apri Button started.	[MsgId: MMSG-226981]
t=00102931ms: Step 44: Click on Apri Button successfully completed with End Event "Action Completed".	[MsgId: MMSG-226981]
t=00103733ms: Step 46: Type 801 in Fornitore TextBox started.	[MsgId: MMSG-226981]
t=00105356ms: Step 46: Type 801 in Fornitore TextBox successfully completed with End Event "Action Completed".	[MsgId: MMSG-226981]
t=00106167ms: Step 48: Select 300801 / DULAC AG from Fornitore ListBox started.	[MsgId: MMSG-226981]
t=00106831ms: Step 48: Select 300801 / DULAC AG from Fornitore ListBox successfully completed with End Event "Action Completed".	[MsgId: MMSG-226981]
t=00107640ms: Step 50: Click on Label(Gestisci scaglioni) Label started.	[MsgId: MMSG-226981]
t=00108089ms: Step 50: Click on Label(Gestisci scaglioni) Label successfully completed with End Event "Action Completed".	[MsgId: MMSG-226981]
t=00108898ms: Step 53: Drag Massimo passeggeri TextBox 0 px right and 0 px down started.	[MsgId: MMSG-226981]
t=00109328ms: Step 53: Drag Massimo passeggeri TextBox 0 px right and 0 px down successfully completed with End Event "Action Completed".	[MsgId: MMSG-226981]
t=00110133ms: Step 54: Type 5 in Massimo passeggeri TextBox started.	[MsgId: MMSG-226981]
t=00110966ms: Step 54: Type 5 in Massimo passeggeri TextBox successfully completed with End Event "Action Completed".	[MsgId: MMSG-226981]
t=00111791ms: Step 58: Click on Markup % * TextBox started.	[MsgId: MMSG-226981]
t=00112273ms: Step 58: Click on Markup % * TextBox successfully completed with End Event "Action Completed".	[MsgId: MMSG-226981]
t=00113075ms: Step 59: Type 34 in Markup % * TextBox started.	[MsgId: MMSG-226981]
t=00114252ms: Step 59: Type 34 in Markup % * TextBox successfully completed with End Event "Action Completed".	[MsgId: MMSG-226981]
t=00115069ms: Step 60: Click on Note e stampe Stampa... Element started.	[MsgId: MMSG-226981]
t=00115672ms: Step 60: Click on Note e stampe Stampa... Element successfully completed with End Event "Action Completed".	[MsgId: MMSG-226981]
t=00116490ms: Step 63: Click on Conferma modifiche Button started.	[MsgId: MMSG-226981]
t=00117432ms: Step 63: Click on Conferma modifiche Button successfully completed with End Event "Step Network Completed".	[MsgId: MMSG-226981]
t=00118236ms: Step 65: Click on Stagionalità costi Button started.	[MsgId: MMSG-226981]
t=00118955ms: Step 65: Click on Stagionalità costi Button successfully completed with End Event "Step Network Completed".	[MsgId: MMSG-226981]
t=00119763ms: Step 67: Click on Element(AGGIUNGI) Element started.	[MsgId: MMSG-226981]
t=00120185ms: Step 67: Click on Element(AGGIUNGI) Element successfully completed with End Event "Action Completed".	[MsgId: MMSG-226981]
t=00120996ms: Step 69: Click on Aggiungi intervallo di... Focusable started.	[MsgId: MMSG-226981]
t=00121476ms: Step 69: Click on Aggiungi intervallo di... Focusable successfully completed with End Event "Action Completed".	[MsgId: MMSG-226981]
t=00122284ms: Step 70: GroupStep.Mouseover started.	[MsgId: MMSG-226981]
t=00122284ms: Step 70.1: Move mouse over Focusable(13) Focusable started.	[MsgId: MMSG-226981]
t=00123590ms: Step 70.1: Move mouse over Focusable(13) Focusable successfully completed with End Event "Action Completed".	[MsgId: MMSG-226981]
t=00124398ms: Step 70: GroupStep.Mouseover successfully completed with End Event "Action Completed".	[MsgId: MMSG-226981]
t=00124399ms: Step 71: Click on Fino a TextBox started.	[MsgId: MMSG-226981]
t=00124935ms: Step 71: Click on Fino a TextBox successfully completed with End Event "Action Completed".	[MsgId: MMSG-226981]
t=00125751ms: Step 73: Click on 27 Button started.	[MsgId: MMSG-226981]
t=00126259ms: Step 73: Click on 27 Button successfully completed with End Event "Action Completed".	[MsgId: MMSG-226981]
t=00127069ms: Step 75: Click on Aggiungi intervallo date Button started.	[MsgId: MMSG-226981]
t=00127842ms: Step 75: Click on Aggiungi intervallo date Button successfully completed with End Event "Step Network Completed".	[MsgId: MMSG-226981]
t=00128658ms: Step 77: Click on Costi Button started.	[MsgId: MMSG-226981]
t=00131130ms: Step 77: Click on Costi Button successfully completed with End Event "Step Network Completed".	[MsgId: MMSG-226981]
t=00131936ms: Step 79: Click on Aggiungi scaglione Button started.	[MsgId: MMSG-226981]
t=00132361ms: Step 79: Click on Aggiungi scaglione Button successfully completed with End Event "Action Completed".	[MsgId: MMSG-226981]
t=00133176ms: Step 81: Click on Massimo passeggeri TextBox started.	[MsgId: MMSG-226981]
t=00133605ms: Step 81: Click on Massimo passeggeri TextBox successfully completed with End Event "Action Completed".	[MsgId: MMSG-226981]
t=00134420ms: Step 82: Type 5 in Massimo passeggeri TextBox started.	[MsgId: MMSG-226981]
t=00135192ms: Step 82: Type 5 in Massimo passeggeri TextBox successfully completed with End Event "Action Completed".	[MsgId: MMSG-226981]
t=00136010ms: Step 84: Click on Aggiungi Button started.	[MsgId: MMSG-226981]
t=00136481ms: Step 84: Click on Aggiungi Button successfully completed with End Event "Action Completed".	[MsgId: MMSG-226981]
t=00137296ms: Step 86: Click on Adulto TextBox started.	[MsgId: MMSG-226981]
t=00137792ms: Step 86: Click on Adulto TextBox successfully completed with End Event "Action Completed".	[MsgId: MMSG-226981]
t=00138606ms: Step 87: Type 100 in Adulto TextBox started.	[MsgId: MMSG-226981]
t=00140140ms: Step 87: Type 100 in Adulto TextBox successfully completed with End Event "Action Completed".	[MsgId: MMSG-226981]
t=00140944ms: Step 88: Click on ​Infant TextBox started.	[MsgId: MMSG-226981]
t=00141434ms: Step 88: Click on ​Infant TextBox successfully completed with End Event "Action Completed".	[MsgId: MMSG-226981]
t=00142247ms: Step 89: Type 0 in ​Infant TextBox started.	[MsgId: MMSG-226981]
t=00143066ms: Step 89: Type 0 in ​Infant TextBox successfully completed with End Event "Action Completed".	[MsgId: MMSG-226981]
t=00143872ms: Step 90: Scroll on 01/07/2025 27/08/2025... Element started.	[MsgId: MMSG-226981]
t=00144333ms: Step 90: Scroll on 01/07/2025 27/08/2025... Element successfully completed with End Event "Action Completed".	[MsgId: MMSG-226981]
t=00145146ms: Step 91: Click on Child TextBox started.	[MsgId: MMSG-226981]
t=00145610ms: Step 91: Click on Child TextBox successfully completed with End Event "Action Completed".	[MsgId: MMSG-226981]
t=00146424ms: Step 94: Type 50 in Child TextBox started.	[MsgId: MMSG-226981]
t=00147615ms: Step 94: Type 50 in Child TextBox successfully completed with End Event "Action Completed".	[MsgId: MMSG-226981]
t=00148419ms: Step 95: Click on Teen TextBox started.	[MsgId: MMSG-226981]
t=00148876ms: Step 95: Click on Teen TextBox successfully completed with End Event "Action Completed".	[MsgId: MMSG-226981]
t=00149692ms: Step 96: Type 80 in Teen TextBox started.	[MsgId: MMSG-226981]
t=00150881ms: Step 96: Type 80 in Teen TextBox successfully completed with End Event "Action Completed".	[MsgId: MMSG-226981]
t=00151696ms: Step 99: Click on Salva costi Button started.	[MsgId: MMSG-226981]
t=00152131ms: Step 99: Click on Salva costi Button successfully completed with End Event "Action Completed".	[MsgId: MMSG-226981]
t=00152945ms: Action Costi ended.	[MsgId: MMSG-226981]
t=00152946ms: Action GeneraVendita started.	[MsgId: MMSG-226981]
t=00152948ms: Step 6: Click on Costi Link started.	[MsgId: MMSG-226981]
t=00153666ms: Step 6: Click on Costi Link successfully completed with End Event "Step Network Completed".	[MsgId: MMSG-226981]
t=00154487ms: Step 8: Click on Genera vendita Button started.	[MsgId: MMSG-226981]
t=00154897ms: Step 8: Click on Genera vendita Button successfully completed with End Event "Action Completed".	[MsgId: MMSG-226981]
t=00155712ms: Step 9: GroupStep.Mouseover started.	[MsgId: MMSG-226981]
t=00155713ms: Step 9.1: Move mouse over RadioGroup(2) RadioGroup started.	[MsgId: MMSG-226981]
t=00157065ms: Step 9.1: Move mouse over RadioGroup(2) RadioGroup successfully completed with End Event "Action Completed".	[MsgId: MMSG-226981]
t=00157882ms: Step 9: GroupStep.Mouseover successfully completed with End Event "Action Completed".	[MsgId: MMSG-226981]
t=00157882ms: Step 10: Click on Genera vendita RadioGroup started.	[MsgId: MMSG-226981]
t=00158360ms: Step 10: Click on Genera vendita RadioGroup successfully completed with End Event "Action Completed".	[MsgId: MMSG-226981]
t=00159190ms: Step 12: Click on Genera vendita Button started.	[MsgId: MMSG-226981]
t=00159900ms: Step 12: Click on Genera vendita Button successfully completed with End Event "Step Network Completed".	[MsgId: MMSG-226981]
t=00160713ms: Step 14: Verify if € 134,00 Element's VisibleText Contain € 134,00 started.	[MsgId: MMSG-226981]
t=00161126ms: Step 14: Verify if € 134,00 Element's VisibleText Contain € 134,00 successfully completed with End Event "Action Completed".	[MsgId: MMSG-226981]
t=00161950ms: Step 15: Verify if € 0,00 Element's VisibleText Contain € 0,00 started.	[MsgId: MMSG-226981]
t=00162406ms: Step 15: Verify if € 0,00 Element's VisibleText Contain € 0,00 successfully completed with End Event "Action Completed".	[MsgId: MMSG-226981]
t=00163228ms: Step 16: Verify if € 67,00 Element's VisibleText Contain € 67,00 started.	[MsgId: MMSG-226981]
t=00163630ms: Step 16: Verify if € 67,00 Element's VisibleText Contain € 67,00 successfully completed with End Event "Action Completed".	[MsgId: MMSG-226981]
t=00164450ms: Step 17: Verify if € 107,20 Element's VisibleText Contain € 107,20 started.	[MsgId: MMSG-226981]
t=00164864ms: Step 17: Verify if € 107,20 Element's VisibleText Contain € 107,20 successfully completed with End Event "Action Completed".	[MsgId: MMSG-226981]
t=00165671ms: Action GeneraVendita ended.	[MsgId: MMSG-226981]
t=00165672ms: Action RicercaServizio started.	[MsgId: MMSG-226981]
t=00165673ms: Step 2: Click on Servizi Link started.	[MsgId: MMSG-226981]
t=00166204ms: Step 2: Click on Servizi Link successfully completed with End Event "Action Completed".	[MsgId: MMSG-226981]
t=00167021ms: Step 4: Click on Codice TextBox started.	[MsgId: MMSG-226981]
t=00169467ms: Step 4: Click on Codice TextBox successfully completed with End Event "Step Network Completed".	[MsgId: MMSG-226981]
t=00170285ms: Step 5: Type Partec_Inserime in Codice TextBox started.	[MsgId: MMSG-226981]
t=00176230ms: Step 5: Type Partec_Inserime in Codice TextBox successfully completed with End Event "Action Completed".	[MsgId: MMSG-226981]
t=00177036ms: Step 7: Click on Cerca servizi Button started.	[MsgId: MMSG-226981]
t=00177806ms: Step 7: Click on Cerca servizi Button successfully completed with End Event "Step Network Completed".	[MsgId: MMSG-226981]
t=00178623ms: Step 9: Click on Partec Inserime Link started.	[MsgId: MMSG-226981]
t=00179353ms: Step 9: Click on Partec Inserime Link successfully completed with End Event "Step Network Completed".	[MsgId: MMSG-226981]
t=00180161ms: Step 11: Verify if Argentina e Cile Focusable's VisibleText Contain Argentina e Cile started.	[MsgId: MMSG-226981]
t=00180593ms: Step 11: Verify if Argentina e Cile Focusable's VisibleText Contain Argentina e Cile successfully completed with End Event "Action Completed".	[MsgId: MMSG-226981]
t=00181403ms: Step 12: Verify if Codice * TextBox's VisibleText Contain Partec_Inserime started.	[MsgId: MMSG-226981]
t=00181834ms: Step 12: Verify if Codice * TextBox's VisibleText Contain Partec_Inserime successfully completed with End Event "Action Completed".	[MsgId: MMSG-226981]
t=00182656ms: Step 13: Verify if Individuale Focusable's VisibleText Contain Individuale started.	[MsgId: MMSG-226981]
t=00183110ms: Step 13: Verify if Individuale Focusable's VisibleText Contain Individuale successfully completed with End Event "Action Completed".	[MsgId: MMSG-226981]
t=00183922ms: Step 14: Verify if Nome * TextBox's VisibleText Contain Partec_Inserime started.	[MsgId: MMSG-226981]
t=00184429ms: Step 14: Verify if Nome * TextBox's VisibleText Contain Partec_Inserime successfully completed with End Event "Action Completed".	[MsgId: MMSG-226981]
t=00185238ms: Step 15: Verify if Aladyn Quality Group Button's VisibleText Contain Aladyn Quality Group started.	[MsgId: MMSG-226981]
t=00185659ms: Step 15: Verify if Aladyn Quality Group Button's VisibleText Contain Aladyn Quality Group successfully completed with End Event "Action Completed".	[MsgId: MMSG-226981]
t=00186478ms: Step 16: Verify if Trasferimento Focusable's VisibleText Contain Trasferimento started.	[MsgId: MMSG-226981]
t=00186969ms: Step 16: Verify if Trasferimento Focusable's VisibleText Contain Trasferimento successfully completed with End Event "Action Completed".	[MsgId: MMSG-226981]
Action was aborted.
Ending Vuser...
t=00187473ms: Action RicercaServizio ended.	[MsgId: MMSG-226981]
Vuser terminated.
Vuser 0 (thread 2404), ended OK."
